<?xml version="1.0" encoding="UTF-8"?>
<!-- Generated by org.testng.reporters.JUnitReportReporter -->
<testsuite hostname="DESKTOP-SNILOAU" failures="0" tests="2" name="org.nadim.restful.bookingapp.P8_CreatingMultipleBooking" time="7.273" errors="0" timestamp="2024-09-19T12:33:03 BDT" skipped="0">
  <testcase classname="org.nadim.restful.bookingapp.P8_CreatingMultipleBooking" name="booking1" time="5.476"/>
  <testcase classname="org.nadim.restful.bookingapp.P8_CreatingMultipleBooking" name="booking2" time="1.797"/>
</testsuite> <!-- org.nadim.restful.bookingapp.P8_CreatingMultipleBooking -->
