<?xml version="1.0" encoding="UTF-8"?>
<!-- Generated by org.testng.reporters.JUnitReportReporter -->
<testsuite hostname="DESKTOP-SNILOAU" failures="0" tests="2" name="org.nadim.jsonpayloadconverting.P8ShareDataOneAPIToAPI" time="8.165" errors="0" timestamp="2024-10-03T23:19:25 BDT" skipped="0">
  <testcase classname="org.nadim.jsonpayloadconverting.P8ShareDataOneAPIToAPI" name="retrieveBookingData" time="1.512"/>
  <testcase classname="org.nadim.jsonpayloadconverting.P8ShareDataOneAPIToAPI" name="createBooking" time="6.653"/>
</testsuite> <!-- org.nadim.jsonpayloadconverting.P8ShareDataOneAPIToAPI -->
