<?xml version="1.0" encoding="UTF-8"?>
<!-- Generated by org.testng.reporters.JUnitReportReporter -->
<testsuite hostname="DESKTOP-SNILOAU" failures="0" tests="2" name="org.nadim.restful.bookingapp.P9_AvoidDuplicateCodeUsingReqSpecification" time="6.124" errors="0" timestamp="2024-09-19T12:40:43 BDT" skipped="0">
  <testcase classname="org.nadim.restful.bookingapp.P9_AvoidDuplicateCodeUsingReqSpecification" name="booking1" time="4.431"/>
  <testcase classname="org.nadim.restful.bookingapp.P9_AvoidDuplicateCodeUsingReqSpecification" name="booking2" time="1.693"/>
</testsuite> <!-- org.nadim.restful.bookingapp.P9_AvoidDuplicateCodeUsingReqSpecification -->
