<?xml version="1.0" encoding="UTF-8"?>
<!-- Generated by org.testng.reporters.JUnitReportReporter -->
<testsuite hostname="DESKTOP-SNILOAU" failures="0" tests="2" name="org.nadim.restful.bookingapp.P10_AvoidCodeDuplicationUsingResSpecification" time="7.169" errors="0" timestamp="2024-09-19T12:54:36 BDT" skipped="0">
  <testcase classname="org.nadim.restful.bookingapp.P10_AvoidCodeDuplicationUsingResSpecification" name="booking1" time="5.578"/>
  <testcase classname="org.nadim.restful.bookingapp.P10_AvoidCodeDuplicationUsingResSpecification" name="booking2" time="1.591"/>
</testsuite> <!-- org.nadim.restful.bookingapp.P10_AvoidCodeDuplicationUsingResSpecification -->
